<?xml version="1.0" encoding="UTF-8"?>
<!-- Generated by org.testng.reporters.JUnitReportReporter -->
<testsuite hostname="ImransDell" failures="0" tests="1" name="com.example.socialmedia.Facebook" time="34.706" errors="0" timestamp="2023-11-07T18:51:32 IST" skipped="0">
  <testcase classname="com.example.socialmedia.Facebook" name="uploadImageOnFacebook" time="34.706"/>
  <system-out/>
</testsuite> <!-- com.example.socialmedia.Facebook -->
